IMG_1251.HEIC | 错误: (sqlite3.IntegrityError) UNIQUE constraint failed: expenses.voucher_number
[SQL: INSERT INTO expenses (id, company_id, voucher_number, receipt_type, receipt_date, upload_date, vendor_name, vendor_tax_id, vendor_address, description, currency, amount_original, tax_rate, tax_amount, total_amount, amount_hkd, cn_invoice_code, cn_invoice_number, category_id, ai_confidence, ai_raw_response, receipt_image_path, receipt_original_filename, source_format, file_hash, fiscal_year, status, notes, created_at, updated_at) VALUES (?, ?, ?, ?, ?, ?, ?, ?, ?, ?, ?, ?, ?, ?, ?, ?, ?, ?, ?, ?, ?, ?, ?, ?, ?, ?, ?, ?, ?, ?)]
[parameters: ('704915a8-28fc-4df3-95b3-7f38c188b000', 'c27fb9b0-3d83-4970-862f-7ae06dd57114', 'EXP-202506-0001', 'hk_receipt', '2025-06-27', '2026-04-14 06:57:52.050672', 'Shop 2, G/F, Chinachem Hollywood Centre', None, None, 'Sparkling Water, 5-Course Lunch Set', 'HKD', 2152.0, None, None, 2367.0, 2367.0, None, None, 'd87f348e-b87b-47a0-a04c-7fff5eb8865f', 90, '[{"page": 1, "data": {"receipt_type": "hk_receipt", "receipt_date": "2025-06-27", "vendor_name": "Shop 2, G/F, Chinachem Hollywood Centre", "vendor_t ... (128 characters truncated) ... voice_code": null, "cn_invoice_number": null, "description": "Sparkling Water, 5-Course Lunch Set", "suggested_category": "MEAL", "confidence": 90}}]', './receipts_archive/c27fb9b0-3d83-4970-862f-7ae06dd57114/2025-06/EXP-202506-0001.jpg', 'IMG_1251.HEIC', 'heic', '1c487027620117dfc459f218f0f07b497d90dfb0ca76e3a41a9a739076d434cf', '2025-26', 'pending', None, '2026-04-14 06:57:52.050676', '2026-04-14 06:57:52.050677')]
(Background on this error at: https://sqlalche.me/e/20/gkpj)
cfa beijing 会费.PNG | 错误: (sqlite3.IntegrityError) UNIQUE constraint failed: expenses.voucher_number
[SQL: INSERT INTO expenses (id, company_id, voucher_number, receipt_type, receipt_date, upload_date, vendor_name, vendor_tax_id, vendor_address, description, currency, amount_original, tax_rate, tax_amount, total_amount, amount_hkd, cn_invoice_code, cn_invoice_number, category_id, ai_confidence, ai_raw_response, receipt_image_path, receipt_original_filename, source_format, file_hash, fiscal_year, status, notes, created_at, updated_at) VALUES (?, ?, ?, ?, ?, ?, ?, ?, ?, ?, ?, ?, ?, ?, ?, ?, ?, ?, ?, ?, ?, ?, ?, ?, ?, ?, ?, ?, ?, ?)]
[parameters: ('59ef913d-5e8f-4088-8d4f-ca45834313fe', 'c27fb9b0-3d83-4970-862f-7ae06dd57114', 'EXP-202506-0001', 'cn_ordinary', '2025-06-20', '2026-04-14 06:58:40.679111', '北京金融分析师协会', None, None, '会费', 'CNY', 500.0, None, None, 500.0, 540.0, None, None, '1b33b117-924d-4b50-81a8-092b8767c4ca', 95, '[{"page": 1, "data": {"receipt_type": "cn_ordinary", "receipt_date": "2025-06-20", "vendor_name": "北京金融分析师协会", "vendor_tax_id": null, "currency": "CN ... (66 characters truncated) ... , "total_amount": 500.0, "cn_invoice_code": null, "cn_invoice_number": null, "description": "会费", "suggested_category": "OFFICE", "confidence": 95}}]', './receipts_archive/c27fb9b0-3d83-4970-862f-7ae06dd57114/2025-06/EXP-202506-0001.png', 'cfa beijing 会费.PNG', 'png', 'fef0650ed73e3a4b38c4b5a89aa2ba8f1ed6c27f925c575ceaef89d6448f3ce4', '2025-26', 'pending', None, '2026-04-14 06:58:40.679113', '2026-04-14 06:58:40.679114')]
(Background on this error at: https://sqlalche.me/e/20/gkpj)
IMG_2922.HEIC | 错误: 业务防重：该消费（2026-01-18，LOUIS VUITTON，金额 30000.0）似乎已在系统中（凭证号 EXP-202601-0001）。请您人工核对是否重复录入。
091525.HEIC | 错误: 业务防重：该消费（2025-09-15，Frites (North Point)，金额 654.5）似乎已在系统中（凭证号 EXP-202509-0001）。请您人工核对是否重复录入。
IMG_9744.HEIC | 错误: (sqlite3.IntegrityError) UNIQUE constraint failed: expenses.voucher_number
[SQL: INSERT INTO expenses (id, company_id, voucher_number, receipt_type, receipt_date, upload_date, vendor_name, vendor_tax_id, vendor_address, description, currency, amount_original, tax_rate, tax_amount, total_amount, amount_hkd, cn_invoice_code, cn_invoice_number, category_id, ai_confidence, ai_raw_response, receipt_image_path, receipt_original_filename, source_format, file_hash, fiscal_year, status, notes, created_at, updated_at) VALUES (?, ?, ?, ?, ?, ?, ?, ?, ?, ?, ?, ?, ?, ?, ?, ?, ?, ?, ?, ?, ?, ?, ?, ?, ?, ?, ?, ?, ?, ?)]
[parameters: ('fe8257a4-f613-423a-be4f-331529ae217a', 'c27fb9b0-3d83-4970-862f-7ae06dd57114', 'EXP-202506-0001', 'hk_receipt', '2025-06-27', '2026-04-14 07:00:03.973100', 'YUAN', None, None, 'Sparkling Water, 5-Course Lunch Set', 'HKD', 2152.0, None, None, 2367.0, 2367.0, None, None, 'd87f348e-b87b-47a0-a04c-7fff5eb8865f', 90, '[{"page": 1, "data": {"receipt_type": "hk_receipt", "receipt_date": "2025-06-27", "vendor_name": "YUAN", "vendor_tax_id": null, "currency": "HKD", "a ... (93 characters truncated) ... voice_code": null, "cn_invoice_number": null, "description": "Sparkling Water, 5-Course Lunch Set", "suggested_category": "MEAL", "confidence": 90}}]', './receipts_archive/c27fb9b0-3d83-4970-862f-7ae06dd57114/2025-06/EXP-202506-0001.jpg', 'IMG_9744.HEIC', 'heic', '6be767a4293c12ae08fa10009c872af1efa47671526b0f327585648aea869764', '2025-26', 'pending', None, '2026-04-14 07:00:03.973104', '2026-04-14 07:00:03.973105')]
(Background on this error at: https://sqlalche.me/e/20/gkpj)
IMG_2077.HEIC | 错误: 业务防重：该消费（2025-12-02，YAKINIKU LIKE (Olympian City 2)，金额 376.2）似乎已在系统中（凭证号 EXP-202512-0002）。请您人工核对是否重复录入。
IMG_0923.HEIC | 错误: 业务防重：该消费（2025-09-09，YAKINIKU LIKE (Olympian City 2)，金额 310.2）似乎已在系统中（凭证号 EXP-202509-0002）。请您人工核对是否重复录入。
IMG_1332.HEIC | 错误: 业务防重：该消费（2025-10-07，聚香园海鲜茶楼，金额 454.8）似乎已在系统中（凭证号 EXP-202510-0003）。请您人工核对是否重复录入。
dji.pdf | 错误: 业务防重：该消费（2026-02-20，深圳市恒唯信科技有限公司，金额 7757.0）似乎已在系统中（凭证号 EXP-202602-0003）。请您人工核对是否重复录入。
IMG_7205.HEIC | 错误: (sqlite3.IntegrityError) UNIQUE constraint failed: expenses.voucher_number
[SQL: INSERT INTO expenses (id, company_id, voucher_number, receipt_type, receipt_date, upload_date, vendor_name, vendor_tax_id, vendor_address, description, currency, amount_original, tax_rate, tax_amount, total_amount, amount_hkd, cn_invoice_code, cn_invoice_number, category_id, ai_confidence, ai_raw_response, receipt_image_path, receipt_original_filename, source_format, file_hash, fiscal_year, status, notes, created_at, updated_at) VALUES (?, ?, ?, ?, ?, ?, ?, ?, ?, ?, ?, ?, ?, ?, ?, ?, ?, ?, ?, ?, ?, ?, ?, ?, ?, ?, ?, ?, ?, ?)]
[parameters: ('cae394b2-7d89-4759-a167-872245a09a4c', 'c27fb9b0-3d83-4970-862f-7ae06dd57114', 'EXP-202503-0001', 'hk_receipt', '2025-03-20', '2026-04-14 07:04:17.366473', '海上鮮', None, None, '和牛豚肉盛合定量套餐、日本A3黑毛和牛定量套餐、泰式湯鍋、麻辣仙鍋', 'HKD', 237.0, None, None, 261.0, 261.0, None, None, 'd87f348e-b87b-47a0-a04c-7fff5eb8865f', 90, '[{"page": 1, "data": {"receipt_type": "hk_receipt", "receipt_date": "2025-03-20", "vendor_name": "海上鮮", "vendor_tax_id": null, "currency": "HKD", "am ... (88 characters truncated) ... invoice_code": null, "cn_invoice_number": null, "description": "和牛豚肉盛合定量套餐、日本A3黑毛和牛定量套餐、泰式湯鍋、麻辣仙鍋", "suggested_category": "MEAL", "confidence": 90}}]', './receipts_archive/c27fb9b0-3d83-4970-862f-7ae06dd57114/2025-03/EXP-202503-0001.jpg', 'IMG_7205.HEIC', 'heic', '38be3a14c790ea7c8153e8dce082c14bba3bb978da328fad79f01e665d6ecd22', '2024-25', 'pending', None, '2026-04-14 07:04:17.366480', '2026-04-14 07:04:17.366481')]
(Background on this error at: https://sqlalche.me/e/20/gkpj)
receipt.pdf | 错误: 业务防重：该消费（2025-10-23，The Optimist，金额 745.8）似乎已在系统中（凭证号 EXP-202510-0004）。请您人工核对是否重复录入。
IMG_1775.HEIC | 错误: 业务防重：该消费（2025-11-09，Classified (Repulse Bay)，金额 1132.0）似乎已在系统中（凭证号 EXP-202511-0001）。请您人工核对是否重复录入。
行程单.pdf | 错误: 业务防重：该消费（2025-10-07，上海华程西南国际旅行社有限公司，金额 651.0）似乎已在系统中（凭证号 EXP-202510-0006）。请您人工核对是否重复录入。
07旅游招待 2.JPG | 错误: 业务防重：该消费（2025-07-13，上海华程西南国际旅行社有限公司，金额 2258.15）似乎已在系统中（凭证号 EXP-202507-0003）。请您人工核对是否重复录入。
Invoice-27D072CE-0001.pdf | 错误: (sqlite3.IntegrityError) UNIQUE constraint failed: expenses.voucher_number
[SQL: INSERT INTO expenses (id, company_id, voucher_number, receipt_type, receipt_date, upload_date, vendor_name, vendor_tax_id, vendor_address, description, currency, amount_original, tax_rate, tax_amount, total_amount, amount_hkd, cn_invoice_code, cn_invoice_number, category_id, ai_confidence, ai_raw_response, receipt_image_path, receipt_original_filename, source_format, file_hash, fiscal_year, status, notes, created_at, updated_at) VALUES (?, ?, ?, ?, ?, ?, ?, ?, ?, ?, ?, ?, ?, ?, ?, ?, ?, ?, ?, ?, ?, ?, ?, ?, ?, ?, ?, ?, ?, ?)]
[parameters: ('0040f1ab-ec9c-44cc-a1f1-9d418d23d2fc', 'c27fb9b0-3d83-4970-862f-7ae06dd57114', 'EXP-202406-0001', 'other', '2024-06-21', '2026-04-14 07:09:17.603479', 'Midjourney Inc', None, None, 'Basic Plan subscription from June 21, 2024 to June 21, 2025', 'USD', 96.0, None, None, 96.0, 746.88, None, None, '1b33b117-924d-4b50-81a8-092b8767c4ca', 95, '[{"page": 1, "data": {"receipt_type": "other", "receipt_date": "2024-06-21", "vendor_name": "Midjourney Inc", "vendor_tax_id": null, "currency": "USD ... (120 characters truncated) ... oice_number": null, "description": "Basic Plan subscription from June 21, 2024 to June 21, 2025", "suggested_category": "OFFICE", "confidence": 95}}]', './receipts_archive/c27fb9b0-3d83-4970-862f-7ae06dd57114/2024-06/EXP-202406-0001.pdf', 'Invoice-27D072CE-0001.pdf', 'pdf', 'c521e7eca437861e590970f459edfb7504ea63a9baff97cf2a1084d799ca58f4', '2024-25', 'pending', None, '2026-04-14 07:09:17.603482', '2026-04-14 07:09:17.603482')]
(Background on this error at: https://sqlalche.me/e/20/gkpj)
sally.HEIC | 错误: 业务防重：该消费（2025-09-20，The Bayside，金额 1718.0）似乎已在系统中（凭证号 EXP-202509-0005）。请您人工核对是否重复录入。
IMG_1075.HEIC | 错误: 业务防重：该消费（2025-09-21，环岛中港通，金额 54.0）似乎已在系统中（凭证号 EXP-202509-0006）。请您人工核对是否重复录入。
IMG_2065.HEIC | 错误: 业务防重：该消费（2025-11-08，SOGO HONG KONG CO LTD，金额 484.0）似乎已在系统中（凭证号 EXP-202511-0006）。请您人工核对是否重复录入。
中秋招待.HEIC | 错误: 文件 [中秋招待.HEIC] 所有页面识别均失败
蓝莓采购.JPG | 错误: 业务防重：该消费（2025-12-22，安策投资咨询(广州)有限公司，金额 10716.0）似乎已在系统中（凭证号 EXP-202512-0005）。请您人工核对是否重复录入。
SeekAlpha Invoice-SA-518123.pdf | 错误: (sqlite3.IntegrityError) UNIQUE constraint failed: expenses.voucher_number
[SQL: INSERT INTO expenses (id, company_id, voucher_number, receipt_type, receipt_date, upload_date, vendor_name, vendor_tax_id, vendor_address, description, currency, amount_original, tax_rate, tax_amount, total_amount, amount_hkd, cn_invoice_code, cn_invoice_number, category_id, ai_confidence, ai_raw_response, receipt_image_path, receipt_original_filename, source_format, file_hash, fiscal_year, status, notes, created_at, updated_at) VALUES (?, ?, ?, ?, ?, ?, ?, ?, ?, ?, ?, ?, ?, ?, ?, ?, ?, ?, ?, ?, ?, ?, ?, ?, ?, ?, ?, ?, ?, ?)]
[parameters: ('3255e885-ee40-4f57-a336-dcd98b8d355f', 'c27fb9b0-3d83-4970-862f-7ae06dd57114', 'EXP-202506-0001', 'other', '2025-06-21', '2026-04-14 07:12:04.613738', 'Seeking Alpha Ltd', None, None, 'Seeking Alpha Premium Jun 21, 2025 – Jun 21, 2026', 'USD', 299.0, None, None, 299.0, 2326.22, None, None, 'fb639975-e073-4f90-903f-b94645cdc7b4', 95, '[{"page": 1, "data": {"receipt_type": "other", "receipt_date": "2025-06-21", "vendor_name": "Seeking Alpha Ltd", "vendor_tax_id": null, "currency": " ... (114 characters truncated) ... ll, "cn_invoice_number": null, "description": "Seeking Alpha Premium Jun 21, 2025 – Jun 21, 2026", "suggested_category": "OTHER", "confidence": 95}}]', './receipts_archive/c27fb9b0-3d83-4970-862f-7ae06dd57114/2025-06/EXP-202506-0001.pdf', 'SeekAlpha Invoice-SA-518123.pdf', 'pdf', '8f9df52bf73df7c835aa7691fab8dc08e498e4ecc7b596b12132059eeac23908', '2025-26', 'pending', None, '2026-04-14 07:12:04.613741', '2026-04-14 07:12:04.613742')]
(Background on this error at: https://sqlalche.me/e/20/gkpj)
4492848016d8e19cd98a8803b4842aa3.JPG | 错误: 防重拦截：该图片（文件指纹一致）已作为凭证 EXP-202310-0002 存在，请勿重复上传。
IMG_9032.HEIC | 错误: 业务防重：该消费（2025-05-06，Marketplace，金额 198.0）似乎已在系统中（凭证号 EXP-202505-0003）。请您人工核对是否重复录入。
IMG_7145.HEIC | 错误: (sqlite3.IntegrityError) UNIQUE constraint failed: expenses.voucher_number
[SQL: INSERT INTO expenses (id, company_id, voucher_number, receipt_type, receipt_date, upload_date, vendor_name, vendor_tax_id, vendor_address, description, currency, amount_original, tax_rate, tax_amount, total_amount, amount_hkd, cn_invoice_code, cn_invoice_number, category_id, ai_confidence, ai_raw_response, receipt_image_path, receipt_original_filename, source_format, file_hash, fiscal_year, status, notes, created_at, updated_at) VALUES (?, ?, ?, ?, ?, ?, ?, ?, ?, ?, ?, ?, ?, ?, ?, ?, ?, ?, ?, ?, ?, ?, ?, ?, ?, ?, ?, ?, ?, ?)]
[parameters: ('d242ffc9-c1e7-49dd-ad0f-4b24f8fd0273', 'c27fb9b0-3d83-4970-862f-7ae06dd57114', 'EXP-202503-0001', 'hk_receipt', '2025-03-14', '2026-04-14 07:16:55.575339', '鼎泰豊', None, None, '烏龍茶/水, 紹興酒醉雞, 小籠包, 菜肉蒸餃, 蝦肉紅油抄手, 黃金流沙包, 杏仁豆腐(凍)', 'HKD', 495.0, None, None, 545.0, 545.0, None, None, 'd87f348e-b87b-47a0-a04c-7fff5eb8865f', 95, '[{"page": 1, "data": {"receipt_type": "hk_receipt", "receipt_date": "2025-03-14", "vendor_name": "鼎泰豊", "vendor_tax_id": null, "currency": "HKD", "am ... (102 characters truncated) ...  null, "cn_invoice_number": null, "description": "烏龍茶/水, 紹興酒醉雞, 小籠包, 菜肉蒸餃, 蝦肉紅油抄手, 黃金流沙包, 杏仁豆腐(凍)", "suggested_category": "MEAL", "confidence": 95}}]', './receipts_archive/c27fb9b0-3d83-4970-862f-7ae06dd57114/2025-03/EXP-202503-0001.jpg', 'IMG_7145.HEIC', 'heic', 'a6455b843f0061226a2eaa7c5122c44bc08604c4b87fa40f7ea611d36719bc23', '2024-25', 'pending', None, '2026-04-14 07:16:55.575349', '2026-04-14 07:16:55.575349')]
(Background on this error at: https://sqlalche.me/e/20/gkpj)
CFA会费.pdf | 错误: (sqlite3.IntegrityError) UNIQUE constraint failed: expenses.voucher_number
[SQL: INSERT INTO expenses (id, company_id, voucher_number, receipt_type, receipt_date, upload_date, vendor_name, vendor_tax_id, vendor_address, description, currency, amount_original, tax_rate, tax_amount, total_amount, amount_hkd, cn_invoice_code, cn_invoice_number, category_id, ai_confidence, ai_raw_response, receipt_image_path, receipt_original_filename, source_format, file_hash, fiscal_year, status, notes, created_at, updated_at) VALUES (?, ?, ?, ?, ?, ?, ?, ?, ?, ?, ?, ?, ?, ?, ?, ?, ?, ?, ?, ?, ?, ?, ?, ?, ?, ?, ?, ?, ?, ?)]
[parameters: ('e562e6da-06d7-46c5-a880-fec897967243', 'c27fb9b0-3d83-4970-862f-7ae06dd57114', 'EXP-202506-0001', 'hk_receipt', '2025-06-18', '2026-04-14 07:17:13.191438', 'CFA Institute', None, None, 'CFA Institute Dues for the year ending 30 June 2026', 'USD', 299.0, 0.0, 0.0, 299.0, 2326.22, None, None, '364ed1d8-b72c-452d-a585-a5e9b2dfd701', 95, '[{"page": 1, "data": {"receipt_type": "hk_receipt", "receipt_date": "2025-06-18", "vendor_name": "CFA Institute", "vendor_tax_id": null, "currency":  ... (122 characters truncated) ... nvoice_number": null, "description": "CFA Institute Dues for the year ending 30 June 2026", "suggested_category": "PROFESSIONAL", "confidence": 95}}]', './receipts_archive/c27fb9b0-3d83-4970-862f-7ae06dd57114/2025-06/EXP-202506-0001.pdf', 'CFA会费.pdf', 'pdf', 'f5eedcd014a9422f19bf3f4cdeaf84e73fcc478c582421dc6925fefe6a68304d', '2025-26', 'pending', None, '2026-04-14 07:17:13.191441', '2026-04-14 07:17:13.191442')]
(Background on this error at: https://sqlalche.me/e/20/gkpj)
cfa 北京会费.png | 错误: (sqlite3.IntegrityError) UNIQUE constraint failed: expenses.voucher_number
[SQL: INSERT INTO expenses (id, company_id, voucher_number, receipt_type, receipt_date, upload_date, vendor_name, vendor_tax_id, vendor_address, description, currency, amount_original, tax_rate, tax_amount, total_amount, amount_hkd, cn_invoice_code, cn_invoice_number, category_id, ai_confidence, ai_raw_response, receipt_image_path, receipt_original_filename, source_format, file_hash, fiscal_year, status, notes, created_at, updated_at) VALUES (?, ?, ?, ?, ?, ?, ?, ?, ?, ?, ?, ?, ?, ?, ?, ?, ?, ?, ?, ?, ?, ?, ?, ?, ?, ?, ?, ?, ?, ?)]
[parameters: ('d4fede64-6388-427b-b496-7cab62e2221b', 'c27fb9b0-3d83-4970-862f-7ae06dd57114', 'EXP-202506-0001', 'cn_ordinary', '2025-06-19', '2026-04-14 07:18:05.000215', '北京金融分析师协会', None, None, '2025-2026年度CFA北京协会会费', 'CNY', None, None, None, 500.0, 540.0, None, None, '364ed1d8-b72c-452d-a585-a5e9b2dfd701', 90, '[{"page": 1, "data": {"receipt_type": "cn_ordinary", "receipt_date": "2025-06-19", "vendor_name": "北京金融分析师协会", "vendor_tax_id": null, "currency": "CN ... (89 characters truncated) ...  "cn_invoice_code": null, "cn_invoice_number": null, "description": "2025-2026年度CFA北京协会会费", "suggested_category": "PROFESSIONAL", "confidence": 90}}]', './receipts_archive/c27fb9b0-3d83-4970-862f-7ae06dd57114/2025-06/EXP-202506-0001.png', 'cfa 北京会费.png', 'png', 'e9ff20181dc5da60a46e2352d9f22259eb56808112257e0ce83edc14d98617dc', '2025-26', 'pending', None, '2026-04-14 07:18:05.000219', '2026-04-14 07:18:05.000220')]
(Background on this error at: https://sqlalche.me/e/20/gkpj)
IMG_3018.HEIC | 错误: 业务防重：该消费（2026-01-23，The Lasagna Factory，金额 475.0）似乎已在系统中（凭证号 EXP-202601-0002）。请您人工核对是否重复录入。
餐饮_266.00元_2025.10.01_武侯区荣鑫川菜馆（个体工商户）_25512000000234165178_.pdf | 错误: 文件 [餐饮_266.00元_2025.10.01_武侯区荣鑫川菜馆（个体工商户）_25512000000234165178_.pdf] 所有页面识别均失败
IMG_3625.HEIC | 错误: 文件 [IMG_3625.HEIC] 所有页面识别均失败
3189c7726694910ef7218c472d09015d.JPG | 错误: 文件 [3189c7726694910ef7218c472d09015d.JPG] 所有页面识别均失败
0715chengdu.HEIC | 错误: 文件 [0715chengdu.HEIC] 所有页面识别均失败
dzfp_26512000000597711466_个人_20260211133748.pdf | 错误: 业务防重：该消费（2026-02-11，西昌市合木客栈，金额 672.0）似乎已在系统中（凭证号 EXP-202602-0008）。请您人工核对是否重复录入。
07旅游招待.JPG | 错误: 文件 [07旅游招待.JPG] 所有页面识别均失败
